\BOOKMARK [1][-]{section.1}{Introducci\363n}{}% 1
\BOOKMARK [2][-]{subsection.1.1}{Objetivo}{section.1}% 2
\BOOKMARK [2][-]{subsection.1.2}{Descripci\363n del Proyecto}{section.1}% 3
\BOOKMARK [2][-]{subsection.1.3}{Funciones Principales}{section.1}% 4
\BOOKMARK [2][-]{subsection.1.4}{Justificaci\363n}{section.1}% 5
\BOOKMARK [2][-]{subsection.1.5}{Herramientas}{section.1}% 6
\BOOKMARK [3][-]{subsubsection.1.5.1}{Hardware}{subsection.1.5}% 7
\BOOKMARK [3][-]{subsubsection.1.5.2}{Software}{subsection.1.5}% 8
\BOOKMARK [2][-]{subsection.1.6}{Innovaci\363n}{section.1}% 9
\BOOKMARK [2][-]{subsection.1.7}{Complejidad}{section.1}% 10
\BOOKMARK [2][-]{subsection.1.8}{Paradigma de Desarrollo}{section.1}% 11
\BOOKMARK [2][-]{subsection.1.9}{T\351cnicas de Desarrollo}{section.1}% 12
\BOOKMARK [3][-]{subsubsection.1.9.1}{Anexo de Prototipo Encuesta 1:}{subsection.1.9}% 13
\BOOKMARK [1][-]{section.2}{M\351tricas y estimaci\363n}{}% 14
\BOOKMARK [2][-]{subsection.2.1}{Tabla KLDC y Function Point}{section.2}% 15
\BOOKMARK [2][-]{subsection.2.2}{Estimaci\363n con COCOMO}{section.2}% 16
\BOOKMARK [1][-]{section.3}{Riesgos}{}% 17
\BOOKMARK [2][-]{subsection.3.1}{Tabla de Riesgos}{section.3}% 18
\BOOKMARK [1][-]{section.4}{Agenda}{}% 19
\BOOKMARK [2][-]{subsection.4.1}{Cronograma}{section.4}% 20
\BOOKMARK [2][-]{subsection.4.2}{Gr\341fica de Gantt}{section.4}% 21
\BOOKMARK [1][-]{section.5}{Recursos}{}% 22
\BOOKMARK [2][-]{subsection.5.1}{Descripci\363n}{section.5}% 23
\BOOKMARK [3][-]{subsubsection.5.1.1}{Hardware}{subsection.5.1}% 24
\BOOKMARK [3][-]{subsubsection.5.1.2}{Software}{subsection.5.1}% 25
\BOOKMARK [1][-]{section.6}{Organizaci\363n del Personal}{}% 26
\BOOKMARK [2][-]{subsection.6.1}{Descentralizado Democr\341tico \(DD\)}{section.6}% 27
\BOOKMARK [1][-]{section.7}{Mecanismos de Seguimiento y Control}{}% 28
\BOOKMARK [1][-]{section.8}{Anexos}{}% 29
\BOOKMARK [2][-]{subsection.8.1}{Encuesta}{section.8}% 30
\BOOKMARK [2][-]{subsection.8.2}{Tabla de Lenguajes}{section.8}% 31
